<?xml version="1.0" encoding="UTF-8"?>
<testng-results ignored="0" total="2" passed="2" failed="0" skipped="0">
  <reporter-output>
  </reporter-output>
  <suite started-at="2024-06-08T20:29:43 EDT" name="Default suite" finished-at="2024-06-08T20:29:46 EDT" duration-ms="2768">
    <groups>
      <group name="cucumber">
        <method signature="AbstractTestNGCucumberTests.feature(cucumber.api.testng.CucumberFeatureWrapper)[pri:0, instance:ecommerce.TestRunner.EcommerceTestRunner@27406a17]" name="feature" class="cucumber.api.testng.AbstractTestNGCucumberTests"/>
      </group> <!-- cucumber -->
    </groups>
    <test started-at="2024-06-08T20:29:43 EDT" name="Default test" finished-at="2024-06-08T20:29:46 EDT" duration-ms="2768">
      <class name="ecommerce.TestRunner.EcommerceTestRunner">
        <test-method is-config="true" signature="EcommerceStartURL()[pri:0, instance:ecommerce.TestRunner.EcommerceTestRunner@27406a17]" started-at="2024-06-08T20:29:43 EDT" name="EcommerceStartURL" finished-at="2024-06-08T20:29:45 EDT" duration-ms="2140" status="PASS">
          <reporter-output>
          </reporter-output>
        </test-method> <!-- EcommerceStartURL -->
        <test-method is-config="true" signature="setUpClass()[pri:0, instance:ecommerce.TestRunner.EcommerceTestRunner@27406a17]" started-at="2024-06-08T20:29:45 EDT" name="setUpClass" finished-at="2024-06-08T20:29:45 EDT" duration-ms="252" status="PASS">
          <reporter-output>
          </reporter-output>
        </test-method> <!-- setUpClass -->
        <test-method signature="feature(cucumber.api.testng.CucumberFeatureWrapper)[pri:0, instance:ecommerce.TestRunner.EcommerceTestRunner@27406a17]" started-at="2024-06-08T20:29:45 EDT" name="feature" description="Runs Cucumber Feature" data-provider="features" finished-at="2024-06-08T20:29:46 EDT" duration-ms="48" status="PASS">
          <params>
            <param index="0">
              <value>
                <![CDATA[This feature is for Verify login activity]]>
              </value>
            </param>
          </params>
          <reporter-output>
          </reporter-output>
        </test-method> <!-- feature -->
        <test-method signature="feature(cucumber.api.testng.CucumberFeatureWrapper)[pri:0, instance:ecommerce.TestRunner.EcommerceTestRunner@27406a17]" started-at="2024-06-08T20:29:46 EDT" name="feature" description="Runs Cucumber Feature" data-provider="features" finished-at="2024-06-08T20:29:46 EDT" duration-ms="2" status="PASS">
          <params>
            <param index="0">
              <value>
                <![CDATA[This is for user registration activity]]>
              </value>
            </param>
          </params>
          <reporter-output>
          </reporter-output>
        </test-method> <!-- feature -->
        <test-method is-config="true" signature="tearDownClass()[pri:0, instance:ecommerce.TestRunner.EcommerceTestRunner@27406a17]" started-at="2024-06-08T20:29:46 EDT" name="tearDownClass" finished-at="2024-06-08T20:29:46 EDT" duration-ms="30" status="PASS">
          <reporter-output>
          </reporter-output>
        </test-method> <!-- tearDownClass -->
        <test-method is-config="true" signature="EcommerceCloseBrowser()[pri:0, instance:ecommerce.TestRunner.EcommerceTestRunner@27406a17]" started-at="2024-06-08T20:29:46 EDT" name="EcommerceCloseBrowser" finished-at="2024-06-08T20:29:46 EDT" duration-ms="179" status="PASS">
          <reporter-output>
          </reporter-output>
        </test-method> <!-- EcommerceCloseBrowser -->
      </class> <!-- ecommerce.TestRunner.EcommerceTestRunner -->
    </test> <!-- Default test -->
  </suite> <!-- Default suite -->
</testng-results>
